<?xml version="1.0" encoding="UTF-8"?>
<testsuite name="TestScadenzario" tests="2" skipped="0" failures="0" errors="0" timestamp="2020-09-30T23:12:16" hostname="LAPTOP-GJMEOKS8" time="1.025">
  <properties/>
  <testcase name="TestCreaScadenza()" classname="TestScadenzario" time="0.011"/>
  <testcase name="TestSetPagata()" classname="TestScadenzario" time="1.013"/>
  <system-out><![CDATA[]]></system-out>
  <system-err><![CDATA[]]></system-err>
</testsuite>
