<?xml version="1.0" encoding="UTF-8"?>
<testsuite name="TestContoCorrente" tests="8" skipped="0" failures="0" errors="0" timestamp="2020-09-30T23:12:16" hostname="LAPTOP-GJMEOKS8" time="0.028">
  <properties/>
  <testcase name="TestCreaUscita()" classname="TestContoCorrente" time="0.01"/>
  <testcase name="TestGetSaldoAttuale()" classname="TestContoCorrente" time="0.003"/>
  <testcase name="TestCreaEntrata()" classname="TestContoCorrente" time="0.001"/>
  <testcase name="TestGetMovimentoById()" classname="TestContoCorrente" time="0.002"/>
  <testcase name="TestGetSaldoByDate()" classname="TestContoCorrente" time="0.001"/>
  <testcase name="TestGetMovimentiByDatesAndCategory()" classname="TestContoCorrente" time="0.002"/>
  <testcase name="TestGetMovimentiByDates()" classname="TestContoCorrente" time="0.001"/>
  <testcase name="TestGetMovimentiByDatesAndTag()" classname="TestContoCorrente" time="0.001"/>
  <system-out><![CDATA[]]></system-out>
  <system-err><![CDATA[]]></system-err>
</testsuite>
